C:\USERS\SHAYO\SKYDRIVE\EPHS SCRIPTS\MICEHOOKSOLUTION\MICEHOOKDLL\DEBUG\MICEHOOKDLL.PCH
C:\USERS\SHAYO\SKYDRIVE\EPHS SCRIPTS\MICEHOOKSOLUTION\MICEHOOKDLL\DEBUG\STDAFX.OBJ
C:\USERS\SHAYO\SKYDRIVE\EPHS SCRIPTS\MICEHOOKSOLUTION\MICEHOOKDLL\DEBUG\VC110.PDB
C:\USERS\SHAYO\SKYDRIVE\EPHS SCRIPTS\MICEHOOKSOLUTION\MICEHOOKDLL\DEBUG\DLLMAIN.OBJ
C:\USERS\SHAYO\SKYDRIVE\EPHS SCRIPTS\MICEHOOKSOLUTION\MICEHOOKDLL\DEBUG\MICEHOOKDLL.OBJ
C:\USERS\SHAYO\SKYDRIVE\EPHS SCRIPTS\MICEHOOKSOLUTION\MICEHOOKDLL\DEBUG\RAW_MOUSE.OBJ
C:\USERS\SHAYO\SKYDRIVE\EPHS SCRIPTS\MICEHOOKSOLUTION\DEBUG\MICEHOOKDLL.ILK
C:\USERS\SHAYO\SKYDRIVE\EPHS SCRIPTS\MICEHOOKSOLUTION\DEBUG\MICEHOOKDLL.DLL
C:\USERS\SHAYO\SKYDRIVE\EPHS SCRIPTS\MICEHOOKSOLUTION\DEBUG\MICEHOOKDLL.PDB
C:\Users\shayo\SkyDrive\Ephs scripts\MiceHookSolution\Debug\MiceHookDLL.lib
C:\Users\shayo\SkyDrive\Ephs scripts\MiceHookSolution\Debug\MiceHookDLL.exp
C:\Users\shayo\SkyDrive\Ephs scripts\MiceHookSolution\MiceHookDLL\Debug\dllmain.obj
C:\Users\shayo\SkyDrive\Ephs scripts\MiceHookSolution\MiceHookDLL\Debug\MiceHookDLL.obj
C:\Users\shayo\SkyDrive\Ephs scripts\MiceHookSolution\MiceHookDLL\Debug\raw_mouse.obj
C:\Users\shayo\SkyDrive\Ephs scripts\MiceHookSolution\MiceHookDLL\Debug\stdafx.obj
C:\Users\shayo\SkyDrive\Ephs scripts\MiceHookSolution\MiceHookDLL\Debug\cl.command.1.tlog
C:\Users\shayo\SkyDrive\Ephs scripts\MiceHookSolution\MiceHookDLL\Debug\CL.read.1.tlog
C:\Users\shayo\SkyDrive\Ephs scripts\MiceHookSolution\MiceHookDLL\Debug\CL.write.1.tlog
C:\Users\shayo\SkyDrive\Ephs scripts\MiceHookSolution\MiceHookDLL\Debug\link-cvtres.read.1.tlog
C:\Users\shayo\SkyDrive\Ephs scripts\MiceHookSolution\MiceHookDLL\Debug\link-cvtres.write.1.tlog
C:\Users\shayo\SkyDrive\Ephs scripts\MiceHookSolution\MiceHookDLL\Debug\link-rc.read.1.tlog
C:\Users\shayo\SkyDrive\Ephs scripts\MiceHookSolution\MiceHookDLL\Debug\link-rc.write.1.tlog
C:\Users\shayo\SkyDrive\Ephs scripts\MiceHookSolution\MiceHookDLL\Debug\link.command.1.tlog
C:\Users\shayo\SkyDrive\Ephs scripts\MiceHookSolution\MiceHookDLL\Debug\link.read.1.tlog
C:\Users\shayo\SkyDrive\Ephs scripts\MiceHookSolution\MiceHookDLL\Debug\link.write.1.tlog
C:\Users\shayo\SkyDrive\Ephs scripts\MiceHookSolution\MiceHookDLL\Debug\MiceHookDLL.write.1.tlog
C:\Users\shayo\SkyDrive\Ephs scripts\MiceHookSolution\MiceHookDLL\Debug\MiceHookDLL.pch
C:\Users\shayo\SkyDrive\Ephs scripts\MiceHookSolution\MiceHookDLL\Debug\vc110.idb
C:\Users\shayo\SkyDrive\Ephs scripts\MiceHookSolution\MiceHookDLL\Debug\vc110.pdb
C:\Users\shayo\SkyDrive\Ephs scripts\MiceHookSolution\Debug\MiceHookDLL.pdb
C:\Users\shayo\SkyDrive\Ephs scripts\MiceHookSolution\Debug\MiceHookDLL.dll
C:\Users\shayo\SkyDrive\Ephs scripts\MiceHookSolution\Debug\MiceHookDLL.ilk
